2021-10-13 12:41:06,387 INFO o.a.j.u.JMeterUtils: Setting Locale to en_EN
2021-10-13 12:41:06,415 INFO o.a.j.JMeter: Loading user properties from: user.properties
2021-10-13 12:41:06,417 INFO o.a.j.JMeter: Loading system properties from: system.properties
2021-10-13 12:41:06,434 INFO o.a.j.JMeter: Copyright (c) 1998-2021 The Apache Software Foundation
2021-10-13 12:41:06,434 INFO o.a.j.JMeter: Version 5.4.1
2021-10-13 12:41:06,434 INFO o.a.j.JMeter: java.version=1.8.0_291
2021-10-13 12:41:06,434 INFO o.a.j.JMeter: java.vm.name=Java HotSpot(TM) 64-Bit Server VM
2021-10-13 12:41:06,434 INFO o.a.j.JMeter: os.name=Mac OS X
2021-10-13 12:41:06,434 INFO o.a.j.JMeter: os.arch=x86_64
2021-10-13 12:41:06,434 INFO o.a.j.JMeter: os.version=10.16
2021-10-13 12:41:06,434 INFO o.a.j.JMeter: file.encoding=UTF-8
2021-10-13 12:41:06,434 INFO o.a.j.JMeter: java.awt.headless=true
2021-10-13 12:41:06,435 INFO o.a.j.JMeter: Max memory     =1073741824
2021-10-13 12:41:06,435 INFO o.a.j.JMeter: Available Processors =8
2021-10-13 12:41:06,439 INFO o.a.j.JMeter: Default Locale=English (EN)
2021-10-13 12:41:06,440 INFO o.a.j.JMeter: JMeter  Locale=English (EN)
2021-10-13 12:41:06,440 INFO o.a.j.JMeter: JMeterHome=/Users/yuriyderevyanko/Projects/jmeterImplenia
2021-10-13 12:41:06,440 INFO o.a.j.JMeter: user.dir  =/Users/yuriyderevyanko/Projects/jmeterImplenia/bin
2021-10-13 12:41:06,440 INFO o.a.j.JMeter: PWD       =/Users/yuriyderevyanko/Projects/jmeterImplenia/bin
2021-10-13 12:41:06,442 INFO o.a.j.JMeter: IP: 127.0.0.1 Name: MacBook-Air.local FullName: localhost
2021-10-13 12:41:06,445 ERROR o.a.j.JMeter: An error occurred: 
org.apache.jmeter.report.config.ConfigurationException: The file /Users/yuriyderevyanko/Projects/jmeterImplenia/bin/“/Users/yuriyderevyanko/Proj” doesn't exist or can't be opened
	at org.apache.jmeter.JMeter.runNonGui(JMeter.java:1017) ~[ApacheJMeter_core.jar:5.4.1]
	at org.apache.jmeter.JMeter.startNonGui(JMeter.java:1007) ~[ApacheJMeter_core.jar:5.4.1]
	at org.apache.jmeter.JMeter.start(JMeter.java:579) [ApacheJMeter_core.jar:5.4.1]
	at sun.reflect.NativeMethodAccessorImpl.invoke0(Native Method) ~[?:1.8.0_291]
	at sun.reflect.NativeMethodAccessorImpl.invoke(NativeMethodAccessorImpl.java:62) ~[?:1.8.0_291]
	at sun.reflect.DelegatingMethodAccessorImpl.invoke(DelegatingMethodAccessorImpl.java:43) ~[?:1.8.0_291]
	at java.lang.reflect.Method.invoke(Method.java:498) ~[?:1.8.0_291]
	at org.apache.jmeter.NewDriver.main(NewDriver.java:254) [ApacheJMeter.jar:5.4.1]
